Build started 2013/5/5 22:37:26.
     1>Project "D:\Develop\Android\cocos2d-2.1rc0-x-2.1.3\extensions\proj.win32\libExtensions.vcxproj" on node 2 (Build target(s)).
     1>ClCompile:
         C:\Program Files (x86)\Microsoft Visual Studio 11.0\VC\bin\CL.exe /c /I"C:\Program Files (x86)\Microsoft SDKs\Windows\v7.1A\include" /I"D:\Develop\Android\cocos2d-2.1rc0-x-2.1.3\extensions\proj.win32\..\..\external\chipmunk\include\chipmunk" /I"D:\Develop\Android\cocos2d-2.1rc0-x-2.1.3\extensions\proj.win32\..\..\external\sqlite3\include" /I"D:\Develop\Android\cocos2d-2.1rc0-x-2.1.3\extensions\proj.win32\..\..\external" /I"D:\Develop\Android\cocos2d-2.1rc0-x-2.1.3\extensions\proj.win32\..\..\cocos2dx" /I"D:\Develop\Android\cocos2d-2.1rc0-x-2.1.3\extensions\proj.win32\..\..\cocos2dx\include" /I"D:\Develop\Android\cocos2d-2.1rc0-x-2.1.3\extensions\proj.win32\..\..\cocos2dx\kazmath\include" /I"D:\Develop\Android\cocos2d-2.1rc0-x-2.1.3\extensions\proj.win32\..\..\cocos2dx\platform\win32" /I"D:\Develop\Android\cocos2d-2.1rc0-x-2.1.3\extensions\proj.win32\..\..\cocos2dx\platform\third_party\win32" /I"D:\Develop\Android\cocos2d-2.1rc0-x-2.1.3\extensions\proj.win32\..\..\cocos2dx\platform\third_party\win32\pthread" /I"D:\Develop\Android\cocos2d-2.1rc0-x-2.1.3\extensions\proj.win32\..\..\cocos2dx\platform\third_party\win32\OGLES" /I"D:\Develop\Android\cocos2d-2.1rc0-x-2.1.3\extensions\proj.win32\..\..\cocos2dx\platform\third_party\win32\zlib" /I"D:\Develop\Android\cocos2d-2.1rc0-x-2.1.3\extensions\proj.win32\..\..\CocosDenshion\include" /I..\ /ZI /nologo /W3 /WX- /Od /Oy- /D WIN32 /D _WINDOWS /D _DEBUG /D _LIB /D COCOS2D_DEBUG=1 /D CC_ENABLE_CHIPMUNK_INTEGRATION=1 /D _CRT_SECURE_NO_WARNINGS /D _SCL_SECURE_NO_WARNINGS /D _UNICODE /D UNICODE /Gm /EHsc /RTC1 /MDd /GS /fp:precise /Zc:wchar_t /Zc:forScope /Fo"Debug.win32\\" /Fd"Debug.win32\vc110.pdb" /Gd /TP /wd4267 /wd4251 /wd4244 /analyze- /errorReport:prompt ..\AssetsManager\AssetsManager.cpp ..\CCBReader\CCBAnimationManager.cpp ..\CCBReader\CCBFileLoader.cpp ..\CCBReader\CCBKeyframe.cpp ..\CCBReader\CCBReader.cpp ..\CCBReader\CCBSequence.cpp ..\CCBReader\CCBSequenceProperty.cpp ..\CCBReader\CCBValue.cpp ..\CCBReader\CCControlButtonLoader.cpp ..\CCBReader\CCControlLoader.cpp ..\CCBReader\CCData.cpp ..\CCBReader\CCLabelBMFontLoader.cpp ..\CCBReader\CCLabelTTFLoader.cpp ..\CCBReader\CCLayerColorLoader.cpp ..\CCBReader\CCLayerGradientLoader.cpp ..\CCBReader\CCLayerLoader.cpp ..\CCBReader\CCMenuItemImageLoader.cpp ..\CCBReader\CCMenuItemLoader.cpp ..\CCBReader\CCNode+CCBRelativePositioning.cpp ..\CCBReader\CCNodeLoader.cpp ..\CCBReader\CCNodeLoaderLibrary.cpp ..\CCBReader\CCParticleSystemQuadLoader.cpp ..\CCBReader\CCScale9SpriteLoader.cpp ..\CCBReader\CCScrollViewLoader.cpp ..\CCBReader\CCSpriteLoader.cpp ..\GUI\CCControlExtension\CCControl.cpp ..\GUI\CCControlExtension\CCControlButton.cpp ..\GUI\CCControlExtension\CCControlColourPicker.cpp ..\GUI\CCControlExtension\CCControlHuePicker.cpp ..\GUI\CCControlExtension\CCControlPotentiometer.cpp ..\GUI\CCControlExtension\CCControlSaturationBrightnessPicker.cpp ..\GUI\CCControlExtension\CCControlSlider.cpp ..\GUI\CCControlExtension\CCControlStepper.cpp ..\GUI\CCControlExtension\CCControlSwitch.cpp ..\GUI\CCControlExtension\CCControlUtils.cpp ..\GUI\CCControlExtension\CCInvocation.cpp ..\GUI\CCControlExtension\CCScale9Sprite.cpp ..\GUI\CCEditBox\CCEditBox.cpp ..\GUI\CCEditBox\CCEditBoxImplWin.cpp ..\GUI\CCScrollView\CCScrollView.cpp ..\GUI\CCScrollView\CCSorting.cpp ..\GUI\CCScrollView\CCTableView.cpp ..\GUI\CCScrollView\CCTableViewCell.cpp ..\LocalStorage\LocalStorage.cpp ..\network\HttpClient.cpp ..\physics_nodes\CCPhysicsDebugNode.cpp ..\physics_nodes\CCPhysicsSprite.cpp ..\spine\Animation.cpp ..\spine\AnimationState.cpp ..\spine\AnimationStateData.cpp ..\spine\Atlas.cpp ..\spine\AtlasAttachmentLoader.cpp ..\spine\Attachment.cpp ..\spine\AttachmentLoader.cpp ..\spine\Bone.cpp ..\spine\BoneData.cpp ..\spine\extension.cpp ..\spine\Json.cpp ..\spine\RegionAttachment.cpp ..\spine\Skeleton.cpp ..\spine\SkeletonData.cpp ..\spine\SkeletonJson.cpp ..\spine\Skin.cpp ..\spine\Slot.cpp ..\spine\SlotData.cpp "..\spine\spine-cocos2dx.cpp" Win32InputBox.cpp
         Win32InputBox.cpp
         spine-cocos2dx.cpp
         SlotData.cpp
         Slot.cpp
         Skin.cpp
         SkeletonJson.cpp
         SkeletonData.cpp
         Skeleton.cpp
         RegionAttachment.cpp
         Json.cpp
         extension.cpp
         BoneData.cpp
         Bone.cpp
         AttachmentLoader.cpp
         Attachment.cpp
         AtlasAttachmentLoader.cpp
         Atlas.cpp
         AnimationStateData.cpp
         AnimationState.cpp
         Animation.cpp
         Generating Code...
         Compiling...
         CCPhysicsSprite.cpp
         CCPhysicsDebugNode.cpp
         HttpClient.cpp
         LocalStorage.cpp
         CCTableViewCell.cpp
         CCTableView.cpp
         CCSorting.cpp
         CCScrollView.cpp
         CCEditBoxImplWin.cpp
         CCEditBox.cpp
         CCScale9Sprite.cpp
         CCInvocation.cpp
         CCControlUtils.cpp
         CCControlSwitch.cpp
         CCControlStepper.cpp
         CCControlSlider.cpp
         CCControlSaturationBrightnessPicker.cpp
         CCControlPotentiometer.cpp
         CCControlHuePicker.cpp
         CCControlColourPicker.cpp
         Generating Code...
         Compiling...
         CCControlButton.cpp
         CCControl.cpp
         CCSpriteLoader.cpp
         CCScrollViewLoader.cpp
         CCScale9SpriteLoader.cpp
         CCParticleSystemQuadLoader.cpp
         CCNodeLoaderLibrary.cpp
         CCNodeLoader.cpp
         CCNode+CCBRelativePositioning.cpp
         CCMenuItemLoader.cpp
         CCMenuItemImageLoader.cpp
         CCLayerLoader.cpp
         CCLayerGradientLoader.cpp
         CCLayerColorLoader.cpp
         CCLabelTTFLoader.cpp
         CCLabelBMFontLoader.cpp
         CCData.cpp
         CCControlLoader.cpp
         CCControlButtonLoader.cpp
         CCBValue.cpp
         Generating Code...
         Compiling...
         CCBSequenceProperty.cpp
         CCBSequence.cpp
         CCBReader.cpp
     1>d:\develop\android\cocos2d-2.1rc0-x-2.1.3\extensions\ccbreader\ccbreader.cpp(625): warning C4800: 'cocos2d::extension::CCBFile *' : forcing value to bool 'true' or 'false' (performance warning)
         CCBKeyframe.cpp
         CCBFileLoader.cpp
         CCBAnimationManager.cpp
         AssetsManager.cpp
         Generating Code...
       Lib:
         C:\Program Files (x86)\Microsoft Visual Studio 11.0\VC\bin\Lib.exe /OUT:"D:\Develop\Android\cocos2d-2.1rc0-x-2.1.3\Debug.win32\libExtensions.lib" /NOLOGO Debug.win32\AssetsManager.obj
         Debug.win32\CCBAnimationManager.obj
         Debug.win32\CCBFileLoader.obj
         Debug.win32\CCBKeyframe.obj
         Debug.win32\CCBReader.obj
         Debug.win32\CCBSequence.obj
         Debug.win32\CCBSequenceProperty.obj
         Debug.win32\CCBValue.obj
         Debug.win32\CCControlButtonLoader.obj
         Debug.win32\CCControlLoader.obj
         Debug.win32\CCData.obj
         Debug.win32\CCLabelBMFontLoader.obj
         Debug.win32\CCLabelTTFLoader.obj
         Debug.win32\CCLayerColorLoader.obj
         Debug.win32\CCLayerGradientLoader.obj
         Debug.win32\CCLayerLoader.obj
         Debug.win32\CCMenuItemImageLoader.obj
         Debug.win32\CCMenuItemLoader.obj
         Debug.win32\CCNode+CCBRelativePositioning.obj
         Debug.win32\CCNodeLoader.obj
         Debug.win32\CCNodeLoaderLibrary.obj
         Debug.win32\CCParticleSystemQuadLoader.obj
         Debug.win32\CCScale9SpriteLoader.obj
         Debug.win32\CCScrollViewLoader.obj
         Debug.win32\CCSpriteLoader.obj
         Debug.win32\CCControl.obj
         Debug.win32\CCControlButton.obj
         Debug.win32\CCControlColourPicker.obj
         Debug.win32\CCControlHuePicker.obj
         Debug.win32\CCControlPotentiometer.obj
         Debug.win32\CCControlSaturationBrightnessPicker.obj
         Debug.win32\CCControlSlider.obj
         Debug.win32\CCControlStepper.obj
         Debug.win32\CCControlSwitch.obj
         Debug.win32\CCControlUtils.obj
         Debug.win32\CCInvocation.obj
         Debug.win32\CCScale9Sprite.obj
         Debug.win32\CCEditBox.obj
         Debug.win32\CCEditBoxImplWin.obj
         Debug.win32\CCScrollView.obj
         Debug.win32\CCSorting.obj
         Debug.win32\CCTableView.obj
         Debug.win32\CCTableViewCell.obj
         Debug.win32\LocalStorage.obj
         Debug.win32\HttpClient.obj
         Debug.win32\CCPhysicsDebugNode.obj
         Debug.win32\CCPhysicsSprite.obj
         Debug.win32\Animation.obj
         Debug.win32\AnimationState.obj
         Debug.win32\AnimationStateData.obj
         Debug.win32\Atlas.obj
         Debug.win32\AtlasAttachmentLoader.obj
         Debug.win32\Attachment.obj
         Debug.win32\AttachmentLoader.obj
         Debug.win32\Bone.obj
         Debug.win32\BoneData.obj
         Debug.win32\extension.obj
         Debug.win32\Json.obj
         Debug.win32\RegionAttachment.obj
         Debug.win32\Skeleton.obj
         Debug.win32\SkeletonData.obj
         Debug.win32\SkeletonJson.obj
         Debug.win32\Skin.obj
         Debug.win32\Slot.obj
         Debug.win32\SlotData.obj
         "Debug.win32\spine-cocos2dx.obj"
         Debug.win32\Win32InputBox.obj
         libExtensions.vcxproj -> D:\Develop\Android\cocos2d-2.1rc0-x-2.1.3\Debug.win32\libExtensions.lib
     1>Done Building Project "D:\Develop\Android\cocos2d-2.1rc0-x-2.1.3\extensions\proj.win32\libExtensions.vcxproj" (Build target(s)).

Build succeeded.

Time Elapsed 00:02:08.01
